<?xml version="1.0" encoding="UTF-8"?>
<testng-results skipped="0" failed="0" ignored="0" total="1" passed="1">
  <reporter-output>
  </reporter-output>
  <suite name="Default suite" duration-ms="116135" started-at="2018-09-26T09:52:53Z" finished-at="2018-09-26T09:54:49Z">
    <groups>
    </groups>
    <test name="Default test" duration-ms="116135" started-at="2018-09-26T09:52:53Z" finished-at="2018-09-26T09:54:49Z">
      <class name="PublishGoods.PublishGoodsTest">
        <test-method status="PASS" signature="publishGoods()[pri:0, instance:PublishGoods.PublishGoodsTest@4fe3c938]" name="publishGoods" duration-ms="116115" started-at="2018-09-26T09:52:53Z" finished-at="2018-09-26T09:54:49Z">
          <reporter-output>
          </reporter-output>
        </test-method> <!-- publishGoods -->
      </class> <!-- PublishGoods.PublishGoodsTest -->
    </test> <!-- Default test -->
  </suite> <!-- Default suite -->
</testng-results>
