<?xml version="1.0" encoding="UTF-8"?>
<!-- Generated by org.testng.reporters.JUnitXMLReporter -->
<testsuite hostname="FXSJ6VITIIY7JFD" ignored="0" name="login" tests="2" failures="1" timestamp="12 九月 2018 08:09:14 GMT" time="38.087" errors="0">
  <testcase name="login" time="38.043" classname="init.Login"/>
  <testcase name="publishGoods" time="0.006" classname="PublishGoods.PublishGoodsTest">
    <failure type="org.openqa.selenium.NoSuchSessionException" message="A session is either terminated or not started (WARNING: The server did not provide any stacktrace information)
Command duration or timeout: 0 milliseconds
Build info: version: &amp;apos;3.6.0&amp;apos;, revision: &amp;apos;6fbf3ec767&amp;apos;, time: &amp;apos;2017-09-27T15:28:36.4Z&amp;apos;
System info: host: &amp;apos;FXSJ6VITIIY7JFD&amp;apos;, ip: &amp;apos;10.108.66.113&amp;apos;, os.name: &amp;apos;Windows 7&amp;apos;, os.arch: &amp;apos;amd64&amp;apos;, os.version: &amp;apos;6.1&amp;apos;, java.version: &amp;apos;1.8.0_151&amp;apos;
Driver info: io.appium.java_client.android.AndroidDriver
Capabilities [{app=F:\XiaoLiuAquatic-v6.03-20180823155916.apk, appPackage=com.fuzhong.xiaoliuaquatic, deviceScreenSize=1280x720, networkConnectionEnabled=true, noReset=true, warnings={}, appWaitPackage=com.fuzhong.xiaoliuaquatic, appWaitActivity=com.fuzhong.xiaoliuaquatic.ui.welcome.WelcomeActivityXiaoLiu, databaseEnabled=false, deviceName=127.0.0.1:62001, platform=LINUX, deviceUDID=127.0.0.1:62001, appActivity=com.fuzhong.xiaoliuaquatic.ui.welcome.WelcomeActivityXiaoLiu, desired={app=F:\XiaoLiuAquatic-v6.03-20180823155916.apk, appPackage=com.fuzhong.xiaoliuaquatic, noReset=true, platformVersion=4.4.2, automationName=Appium, platformName=Android, deviceName=HUAWEI MLA-AL10}, platformVersion=4.4.2, webStorageEnabled=false, locationContextEnabled=false, automationName=Appium, takesScreenshot=true, javascriptEnabled=true, deviceModel=HUAWEI MLA-AL10, deviceManufacturer=HUAWEI, platformName=LINUX}]
Session ID: 5449fa28-f502-4f32-9bb9-47c66415b5a6
*** Element info: {Using=id, value=com.fuzhong.xiaoliuaquatic:id/quick_releaseLayout}">
      <![CDATA[org.openqa.selenium.NoSuchSessionException: A session is either terminated or not started (WARNING: The server did not provide any stacktrace information)
Command duration or timeout: 0 milliseconds
Build info: version: '3.6.0', revision: '6fbf3ec767', time: '2017-09-27T15:28:36.4Z'
System info: host: 'FXSJ6VITIIY7JFD', ip: '10.108.66.113', os.name: 'Windows 7', os.arch: 'amd64', os.version: '6.1', java.version: '1.8.0_151'
Driver info: io.appium.java_client.android.AndroidDriver
Capabilities [{app=F:\XiaoLiuAquatic-v6.03-20180823155916.apk, appPackage=com.fuzhong.xiaoliuaquatic, deviceScreenSize=1280x720, networkConnectionEnabled=true, noReset=true, warnings={}, appWaitPackage=com.fuzhong.xiaoliuaquatic, appWaitActivity=com.fuzhong.xiaoliuaquatic.ui.welcome.WelcomeActivityXiaoLiu, databaseEnabled=false, deviceName=127.0.0.1:62001, platform=LINUX, deviceUDID=127.0.0.1:62001, appActivity=com.fuzhong.xiaoliuaquatic.ui.welcome.WelcomeActivityXiaoLiu, desired={app=F:\XiaoLiuAquatic-v6.03-20180823155916.apk, appPackage=com.fuzhong.xiaoliuaquatic, noReset=true, platformVersion=4.4.2, automationName=Appium, platformName=Android, deviceName=HUAWEI MLA-AL10}, platformVersion=4.4.2, webStorageEnabled=false, locationContextEnabled=false, automationName=Appium, takesScreenshot=true, javascriptEnabled=true, deviceModel=HUAWEI MLA-AL10, deviceManufacturer=HUAWEI, platformName=LINUX}]
Session ID: 5449fa28-f502-4f32-9bb9-47c66415b5a6
*** Element info: {Using=id, value=com.fuzhong.xiaoliuaquatic:id/quick_releaseLayout}
at org.openqa.selenium.remote.ErrorHandler.createThrowable(ErrorHandler.java:214)
at org.openqa.selenium.remote.ErrorHandler.throwIfResponseFailed(ErrorHandler.java:166)
at org.openqa.selenium.remote.http.JsonHttpResponseCodec.reconstructValue(JsonHttpResponseCodec.java:40)
at org.openqa.selenium.remote.http.AbstractHttpResponseCodec.decode(AbstractHttpResponseCodec.java:82)
at org.openqa.selenium.remote.http.AbstractHttpResponseCodec.decode(AbstractHttpResponseCodec.java:45)
at org.openqa.selenium.remote.HttpCommandExecutor.execute(HttpCommandExecutor.java:164)
at io.appium.java_client.remote.AppiumCommandExecutor.execute(AppiumCommandExecutor.java:89)
at org.openqa.selenium.remote.RemoteWebDriver.execute(RemoteWebDriver.java:586)
at io.appium.java_client.DefaultGenericMobileDriver.execute(DefaultGenericMobileDriver.java:42)
at io.appium.java_client.AppiumDriver.execute(AppiumDriver.java:1)
at io.appium.java_client.android.AndroidDriver.execute(AndroidDriver.java:1)
at org.openqa.selenium.remote.RemoteWebDriver.findElement(RemoteWebDriver.java:356)
at io.appium.java_client.DefaultGenericMobileDriver.findElement(DefaultGenericMobileDriver.java:62)
at io.appium.java_client.AppiumDriver.findElement(AppiumDriver.java:1)
at io.appium.java_client.android.AndroidDriver.findElement(AndroidDriver.java:1)
at org.openqa.selenium.remote.RemoteWebDriver.findElementById(RemoteWebDriver.java:402)
at io.appium.java_client.DefaultGenericMobileDriver.findElementById(DefaultGenericMobileDriver.java:70)
at io.appium.java_client.AppiumDriver.findElementById(AppiumDriver.java:1)
at io.appium.java_client.android.AndroidDriver.findElementById(AndroidDriver.java:1)
at PublishGoods.PublishGoodsTest.publishGoods(PublishGoodsTest.java:21)
... Removed 29 stack frames]]>
    </failure>
  </testcase> <!-- publishGoods -->
</testsuite> <!-- login -->
