<?xml version="1.0" encoding="UTF-8"?>
<!-- Generated by org.testng.reporters.JUnitXMLReporter -->
<testsuite hostname="FXSJ6VITIIY7JFD" ignored="0" name="test1" tests="3" failures="0" timestamp="10 九月 2018 05:20:09 GMT" time="0.035" errors="0">
  <testcase name="TestNgLearn" time="0.006" classname="my.TestNgLearn1"/>
  <testcase name="TestNgLearn" time="0.001" classname="my.TestNgLearn2"/>
  <testcase name="testException" time="0.001" classname="my.ExceptionTest"/>
</testsuite> <!-- test1 -->
